<?xml version="1.0" encoding="UTF-8"?>
<testsuite xmlns:xsi="http://www.w3.org/2001/XMLSchema-instance" xsi:noNamespaceSchemaLocation="https://maven.apache.org/surefire/maven-surefire-plugin/xsd/surefire-test-report.xsd" name="pl.piomin.services.elasticsearch.EmployeeRepositoryTest" time="4.133" tests="1" errors="1" skipped="0" failures="0">
  <properties>
    <property name="java.specification.version" value="15"/>
    <property name="sun.jnu.encoding" value="UTF-8"/>
    <property name="java.class.path" value="/Users/oumarkouferidji/Downloads/sample-spring-elasticsearch-master/target/test-classes:/Users/oumarkouferidji/Downloads/sample-spring-elasticsearch-master/target/classes:/Users/oumarkouferidji/.m2/repository/org/springframework/boot/spring-boot-starter-web/2.2.0.RELEASE/spring-boot-starter-web-2.2.0.RELEASE.jar:/Users/oumarkouferidji/.m2/repository/org/springframework/boot/spring-boot-starter/2.2.0.RELEASE/spring-boot-starter-2.2.0.RELEASE.jar:/Users/oumarkouferidji/.m2/repository/org/springframework/boot/spring-boot/2.2.0.RELEASE/spring-boot-2.2.0.RELEASE.jar:/Users/oumarkouferidji/.m2/repository/org/springframework/boot/spring-boot-autoconfigure/2.2.0.RELEASE/spring-boot-autoconfigure-2.2.0.RELEASE.jar:/Users/oumarkouferidji/.m2/repository/org/springframework/boot/spring-boot-starter-logging/2.2.0.RELEASE/spring-boot-starter-logging-2.2.0.RELEASE.jar:/Users/oumarkouferidji/.m2/repository/ch/qos/logback/logback-classic/1.2.3/logback-classic-1.2.3.jar:/Users/oumarkouferidji/.m2/repository/ch/qos/logback/logback-core/1.2.3/logback-core-1.2.3.jar:/Users/oumarkouferidji/.m2/repository/org/apache/logging/log4j/log4j-to-slf4j/2.12.1/log4j-to-slf4j-2.12.1.jar:/Users/oumarkouferidji/.m2/repository/org/apache/logging/log4j/log4j-api/2.12.1/log4j-api-2.12.1.jar:/Users/oumarkouferidji/.m2/repository/org/slf4j/jul-to-slf4j/1.7.28/jul-to-slf4j-1.7.28.jar:/Users/oumarkouferidji/.m2/repository/jakarta/annotation/jakarta.annotation-api/1.3.5/jakarta.annotation-api-1.3.5.jar:/Users/oumarkouferidji/.m2/repository/org/yaml/snakeyaml/1.25/snakeyaml-1.25.jar:/Users/oumarkouferidji/.m2/repository/org/springframework/boot/spring-boot-starter-json/2.2.0.RELEASE/spring-boot-starter-json-2.2.0.RELEASE.jar:/Users/oumarkouferidji/.m2/repository/com/fasterxml/jackson/core/jackson-databind/2.10.0/jackson-databind-2.10.0.jar:/Users/oumarkouferidji/.m2/repository/com/fasterxml/jackson/core/jackson-annotations/2.10.0/jackson-annotations-2.10.0.jar:/Users/oumarkouferidji/.m2/repository/com/fasterxml/jackson/datatype/jackson-datatype-jdk8/2.10.0/jackson-datatype-jdk8-2.10.0.jar:/Users/oumarkouferidji/.m2/repository/com/fasterxml/jackson/datatype/jackson-datatype-jsr310/2.10.0/jackson-datatype-jsr310-2.10.0.jar:/Users/oumarkouferidji/.m2/repository/com/fasterxml/jackson/module/jackson-module-parameter-names/2.10.0/jackson-module-parameter-names-2.10.0.jar:/Users/oumarkouferidji/.m2/repository/org/springframework/boot/spring-boot-starter-tomcat/2.2.0.RELEASE/spring-boot-starter-tomcat-2.2.0.RELEASE.jar:/Users/oumarkouferidji/.m2/repository/org/apache/tomcat/embed/tomcat-embed-core/9.0.27/tomcat-embed-core-9.0.27.jar:/Users/oumarkouferidji/.m2/repository/org/apache/tomcat/embed/tomcat-embed-el/9.0.27/tomcat-embed-el-9.0.27.jar:/Users/oumarkouferidji/.m2/repository/org/apache/tomcat/embed/tomcat-embed-websocket/9.0.27/tomcat-embed-websocket-9.0.27.jar:/Users/oumarkouferidji/.m2/repository/org/springframework/boot/spring-boot-starter-validation/2.2.0.RELEASE/spring-boot-starter-validation-2.2.0.RELEASE.jar:/Users/oumarkouferidji/.m2/repository/jakarta/validation/jakarta.validation-api/2.0.1/jakarta.validation-api-2.0.1.jar:/Users/oumarkouferidji/.m2/repository/org/hibernate/validator/hibernate-validator/6.0.17.Final/hibernate-validator-6.0.17.Final.jar:/Users/oumarkouferidji/.m2/repository/org/jboss/logging/jboss-logging/3.4.1.Final/jboss-logging-3.4.1.Final.jar:/Users/oumarkouferidji/.m2/repository/com/fasterxml/classmate/1.5.0/classmate-1.5.0.jar:/Users/oumarkouferidji/.m2/repository/org/springframework/spring-web/5.2.0.RELEASE/spring-web-5.2.0.RELEASE.jar:/Users/oumarkouferidji/.m2/repository/org/springframework/spring-beans/5.2.0.RELEASE/spring-beans-5.2.0.RELEASE.jar:/Users/oumarkouferidji/.m2/repository/org/springframework/spring-webmvc/5.2.0.RELEASE/spring-webmvc-5.2.0.RELEASE.jar:/Users/oumarkouferidji/.m2/repository/org/springframework/spring-aop/5.2.0.RELEASE/spring-aop-5.2.0.RELEASE.jar:/Users/oumarkouferidji/.m2/repository/org/springframework/spring-context/5.2.0.RELEASE/spring-context-5.2.0.RELEASE.jar:/Users/oumarkouferidji/.m2/repository/org/springframework/spring-expression/5.2.0.RELEASE/spring-expression-5.2.0.RELEASE.jar:/Users/oumarkouferidji/.m2/repository/org/springframework/boot/spring-boot-starter-actuator/2.2.0.RELEASE/spring-boot-starter-actuator-2.2.0.RELEASE.jar:/Users/oumarkouferidji/.m2/repository/org/springframework/boot/spring-boot-actuator-autoconfigure/2.2.0.RELEASE/spring-boot-actuator-autoconfigure-2.2.0.RELEASE.jar:/Users/oumarkouferidji/.m2/repository/org/springframework/boot/spring-boot-actuator/2.2.0.RELEASE/spring-boot-actuator-2.2.0.RELEASE.jar:/Users/oumarkouferidji/.m2/repository/io/micrometer/micrometer-core/1.3.0/micrometer-core-1.3.0.jar:/Users/oumarkouferidji/.m2/repository/org/hdrhistogram/HdrHistogram/2.1.11/HdrHistogram-2.1.11.jar:/Users/oumarkouferidji/.m2/repository/org/latencyutils/LatencyUtils/2.0.3/LatencyUtils-2.0.3.jar:/Users/oumarkouferidji/.m2/repository/org/springframework/boot/spring-boot-starter-data-elasticsearch/2.2.0.RELEASE/spring-boot-starter-data-elasticsearch-2.2.0.RELEASE.jar:/Users/oumarkouferidji/.m2/repository/org/springframework/data/spring-data-elasticsearch/3.2.0.RELEASE/spring-data-elasticsearch-3.2.0.RELEASE.jar:/Users/oumarkouferidji/.m2/repository/org/springframework/spring-tx/5.2.0.RELEASE/spring-tx-5.2.0.RELEASE.jar:/Users/oumarkouferidji/.m2/repository/org/springframework/data/spring-data-commons/2.2.0.RELEASE/spring-data-commons-2.2.0.RELEASE.jar:/Users/oumarkouferidji/.m2/repository/joda-time/joda-time/2.10.4/joda-time-2.10.4.jar:/Users/oumarkouferidji/.m2/repository/org/elasticsearch/client/transport/6.8.3/transport-6.8.3.jar:/Users/oumarkouferidji/.m2/repository/org/elasticsearch/elasticsearch/6.8.3/elasticsearch-6.8.3.jar:/Users/oumarkouferidji/.m2/repository/org/elasticsearch/elasticsearch-core/6.8.3/elasticsearch-core-6.8.3.jar:/Users/oumarkouferidji/.m2/repository/org/elasticsearch/elasticsearch-secure-sm/6.8.3/elasticsearch-secure-sm-6.8.3.jar:/Users/oumarkouferidji/.m2/repository/org/elasticsearch/elasticsearch-x-content/6.8.3/elasticsearch-x-content-6.8.3.jar:/Users/oumarkouferidji/.m2/repository/com/fasterxml/jackson/dataformat/jackson-dataformat-smile/2.10.0/jackson-dataformat-smile-2.10.0.jar:/Users/oumarkouferidji/.m2/repository/com/fasterxml/jackson/dataformat/jackson-dataformat-yaml/2.10.0/jackson-dataformat-yaml-2.10.0.jar:/Users/oumarkouferidji/.m2/repository/com/fasterxml/jackson/dataformat/jackson-dataformat-cbor/2.10.0/jackson-dataformat-cbor-2.10.0.jar:/Users/oumarkouferidji/.m2/repository/org/apache/lucene/lucene-core/7.7.0/lucene-core-7.7.0.jar:/Users/oumarkouferidji/.m2/repository/org/apache/lucene/lucene-analyzers-common/7.7.0/lucene-analyzers-common-7.7.0.jar:/Users/oumarkouferidji/.m2/repository/org/apache/lucene/lucene-backward-codecs/7.7.0/lucene-backward-codecs-7.7.0.jar:/Users/oumarkouferidji/.m2/repository/org/apache/lucene/lucene-grouping/7.7.0/lucene-grouping-7.7.0.jar:/Users/oumarkouferidji/.m2/repository/org/apache/lucene/lucene-highlighter/7.7.0/lucene-highlighter-7.7.0.jar:/Users/oumarkouferidji/.m2/repository/org/apache/lucene/lucene-join/7.7.0/lucene-join-7.7.0.jar:/Users/oumarkouferidji/.m2/repository/org/apache/lucene/lucene-memory/7.7.0/lucene-memory-7.7.0.jar:/Users/oumarkouferidji/.m2/repository/org/apache/lucene/lucene-misc/7.7.0/lucene-misc-7.7.0.jar:/Users/oumarkouferidji/.m2/repository/org/apache/lucene/lucene-queries/7.7.0/lucene-queries-7.7.0.jar:/Users/oumarkouferidji/.m2/repository/org/apache/lucene/lucene-queryparser/7.7.0/lucene-queryparser-7.7.0.jar:/Users/oumarkouferidji/.m2/repository/org/apache/lucene/lucene-sandbox/7.7.0/lucene-sandbox-7.7.0.jar:/Users/oumarkouferidji/.m2/repository/org/apache/lucene/lucene-spatial/7.7.0/lucene-spatial-7.7.0.jar:/Users/oumarkouferidji/.m2/repository/org/apache/lucene/lucene-spatial-extras/7.7.0/lucene-spatial-extras-7.7.0.jar:/Users/oumarkouferidji/.m2/repository/org/apache/lucene/lucene-spatial3d/7.7.0/lucene-spatial3d-7.7.0.jar:/Users/oumarkouferidji/.m2/repository/org/apache/lucene/lucene-suggest/7.7.0/lucene-suggest-7.7.0.jar:/Users/oumarkouferidji/.m2/repository/org/elasticsearch/elasticsearch-cli/6.8.3/elasticsearch-cli-6.8.3.jar:/Users/oumarkouferidji/.m2/repository/net/sf/jopt-simple/jopt-simple/5.0.2/jopt-simple-5.0.2.jar:/Users/oumarkouferidji/.m2/repository/com/carrotsearch/hppc/0.7.1/hppc-0.7.1.jar:/Users/oumarkouferidji/.m2/repository/com/tdunning/t-digest/3.2/t-digest-3.2.jar:/Users/oumarkouferidji/.m2/repository/org/elasticsearch/jna/4.5.1/jna-4.5.1.jar:/Users/oumarkouferidji/.m2/repository/org/elasticsearch/plugin/reindex-client/6.8.3/reindex-client-6.8.3.jar:/Users/oumarkouferidji/.m2/repository/org/elasticsearch/elasticsearch-ssl-config/6.8.3/elasticsearch-ssl-config-6.8.3.jar:/Users/oumarkouferidji/.m2/repository/org/elasticsearch/plugin/lang-mustache-client/6.8.3/lang-mustache-client-6.8.3.jar:/Users/oumarkouferidji/.m2/repository/com/github/spullara/mustache/java/compiler/0.9.3/compiler-0.9.3.jar:/Users/oumarkouferidji/.m2/repository/org/elasticsearch/plugin/percolator-client/6.8.3/percolator-client-6.8.3.jar:/Users/oumarkouferidji/.m2/repository/org/elasticsearch/plugin/parent-join-client/6.8.3/parent-join-client-6.8.3.jar:/Users/oumarkouferidji/.m2/repository/org/elasticsearch/plugin/rank-eval-client/6.8.3/rank-eval-client-6.8.3.jar:/Users/oumarkouferidji/.m2/repository/org/elasticsearch/plugin/transport-netty4-client/6.8.3/transport-netty4-client-6.8.3.jar:/Users/oumarkouferidji/.m2/repository/io/netty/netty-buffer/4.1.42.Final/netty-buffer-4.1.42.Final.jar:/Users/oumarkouferidji/.m2/repository/io/netty/netty-codec/4.1.42.Final/netty-codec-4.1.42.Final.jar:/Users/oumarkouferidji/.m2/repository/io/netty/netty-codec-http/4.1.42.Final/netty-codec-http-4.1.42.Final.jar:/Users/oumarkouferidji/.m2/repository/io/netty/netty-common/4.1.42.Final/netty-common-4.1.42.Final.jar:/Users/oumarkouferidji/.m2/repository/io/netty/netty-handler/4.1.42.Final/netty-handler-4.1.42.Final.jar:/Users/oumarkouferidji/.m2/repository/io/netty/netty-resolver/4.1.42.Final/netty-resolver-4.1.42.Final.jar:/Users/oumarkouferidji/.m2/repository/io/netty/netty-transport/4.1.42.Final/netty-transport-4.1.42.Final.jar:/Users/oumarkouferidji/.m2/repository/org/elasticsearch/client/elasticsearch-rest-high-level-client/6.8.3/elasticsearch-rest-high-level-client-6.8.3.jar:/Users/oumarkouferidji/.m2/repository/org/elasticsearch/client/elasticsearch-rest-client/6.8.3/elasticsearch-rest-client-6.8.3.jar:/Users/oumarkouferidji/.m2/repository/org/apache/httpcomponents/httpclient/4.5.10/httpclient-4.5.10.jar:/Users/oumarkouferidji/.m2/repository/org/apache/httpcomponents/httpcore/4.4.12/httpcore-4.4.12.jar:/Users/oumarkouferidji/.m2/repository/org/apache/httpcomponents/httpasyncclient/4.1.4/httpasyncclient-4.1.4.jar:/Users/oumarkouferidji/.m2/repository/org/apache/httpcomponents/httpcore-nio/4.4.12/httpcore-nio-4.4.12.jar:/Users/oumarkouferidji/.m2/repository/commons-codec/commons-codec/1.13/commons-codec-1.13.jar:/Users/oumarkouferidji/.m2/repository/org/elasticsearch/plugin/aggs-matrix-stats-client/6.8.3/aggs-matrix-stats-client-6.8.3.jar:/Users/oumarkouferidji/.m2/repository/com/fasterxml/jackson/core/jackson-core/2.10.0/jackson-core-2.10.0.jar:/Users/oumarkouferidji/.m2/repository/org/slf4j/slf4j-api/1.7.28/slf4j-api-1.7.28.jar:/Users/oumarkouferidji/.m2/repository/org/springframework/boot/spring-boot-starter-test/2.2.0.RELEASE/spring-boot-starter-test-2.2.0.RELEASE.jar:/Users/oumarkouferidji/.m2/repository/org/springframework/boot/spring-boot-test/2.2.0.RELEASE/spring-boot-test-2.2.0.RELEASE.jar:/Users/oumarkouferidji/.m2/repository/org/springframework/boot/spring-boot-test-autoconfigure/2.2.0.RELEASE/spring-boot-test-autoconfigure-2.2.0.RELEASE.jar:/Users/oumarkouferidji/.m2/repository/com/jayway/jsonpath/json-path/2.4.0/json-path-2.4.0.jar:/Users/oumarkouferidji/.m2/repository/net/minidev/json-smart/2.3/json-smart-2.3.jar:/Users/oumarkouferidji/.m2/repository/net/minidev/accessors-smart/1.2/accessors-smart-1.2.jar:/Users/oumarkouferidji/.m2/repository/org/ow2/asm/asm/5.0.4/asm-5.0.4.jar:/Users/oumarkouferidji/.m2/repository/jakarta/xml/bind/jakarta.xml.bind-api/2.3.2/jakarta.xml.bind-api-2.3.2.jar:/Users/oumarkouferidji/.m2/repository/jakarta/activation/jakarta.activation-api/1.2.1/jakarta.activation-api-1.2.1.jar:/Users/oumarkouferidji/.m2/repository/org/junit/jupiter/junit-jupiter/5.5.2/junit-jupiter-5.5.2.jar:/Users/oumarkouferidji/.m2/repository/org/junit/jupiter/junit-jupiter-api/5.5.2/junit-jupiter-api-5.5.2.jar:/Users/oumarkouferidji/.m2/repository/org/opentest4j/opentest4j/1.2.0/opentest4j-1.2.0.jar:/Users/oumarkouferidji/.m2/repository/org/junit/platform/junit-platform-commons/1.5.2/junit-platform-commons-1.5.2.jar:/Users/oumarkouferidji/.m2/repository/org/junit/jupiter/junit-jupiter-params/5.5.2/junit-jupiter-params-5.5.2.jar:/Users/oumarkouferidji/.m2/repository/org/junit/jupiter/junit-jupiter-engine/5.5.2/junit-jupiter-engine-5.5.2.jar:/Users/oumarkouferidji/.m2/repository/org/junit/vintage/junit-vintage-engine/5.5.2/junit-vintage-engine-5.5.2.jar:/Users/oumarkouferidji/.m2/repository/org/apiguardian/apiguardian-api/1.1.0/apiguardian-api-1.1.0.jar:/Users/oumarkouferidji/.m2/repository/org/junit/platform/junit-platform-engine/1.5.2/junit-platform-engine-1.5.2.jar:/Users/oumarkouferidji/.m2/repository/junit/junit/4.12/junit-4.12.jar:/Users/oumarkouferidji/.m2/repository/org/mockito/mockito-junit-jupiter/3.1.0/mockito-junit-jupiter-3.1.0.jar:/Users/oumarkouferidji/.m2/repository/org/assertj/assertj-core/3.13.2/assertj-core-3.13.2.jar:/Users/oumarkouferidji/.m2/repository/org/hamcrest/hamcrest/2.1/hamcrest-2.1.jar:/Users/oumarkouferidji/.m2/repository/org/mockito/mockito-core/3.1.0/mockito-core-3.1.0.jar:/Users/oumarkouferidji/.m2/repository/net/bytebuddy/byte-buddy/1.10.1/byte-buddy-1.10.1.jar:/Users/oumarkouferidji/.m2/repository/net/bytebuddy/byte-buddy-agent/1.10.1/byte-buddy-agent-1.10.1.jar:/Users/oumarkouferidji/.m2/repository/org/objenesis/objenesis/2.6/objenesis-2.6.jar:/Users/oumarkouferidji/.m2/repository/org/skyscreamer/jsonassert/1.5.0/jsonassert-1.5.0.jar:/Users/oumarkouferidji/.m2/repository/com/vaadin/external/google/android-json/0.0.20131108.vaadin1/android-json-0.0.20131108.vaadin1.jar:/Users/oumarkouferidji/.m2/repository/org/springframework/spring-core/5.2.0.RELEASE/spring-core-5.2.0.RELEASE.jar:/Users/oumarkouferidji/.m2/repository/org/springframework/spring-jcl/5.2.0.RELEASE/spring-jcl-5.2.0.RELEASE.jar:/Users/oumarkouferidji/.m2/repository/org/springframework/spring-test/5.2.0.RELEASE/spring-test-5.2.0.RELEASE.jar:/Users/oumarkouferidji/.m2/repository/org/xmlunit/xmlunit-core/2.6.3/xmlunit-core-2.6.3.jar:/Users/oumarkouferidji/.m2/repository/org/testcontainers/elasticsearch/1.12.2/elasticsearch-1.12.2.jar:/Users/oumarkouferidji/.m2/repository/org/testcontainers/testcontainers/1.12.2/testcontainers-1.12.2.jar:/Users/oumarkouferidji/.m2/repository/org/jetbrains/annotations/17.0.0/annotations-17.0.0.jar:/Users/oumarkouferidji/.m2/repository/javax/annotation/javax.annotation-api/1.3.2/javax.annotation-api-1.3.2.jar:/Users/oumarkouferidji/.m2/repository/org/apache/commons/commons-compress/1.19/commons-compress-1.19.jar:/Users/oumarkouferidji/.m2/repository/javax/xml/bind/jaxb-api/2.3.1/jaxb-api-2.3.1.jar:/Users/oumarkouferidji/.m2/repository/javax/activation/javax.activation-api/1.2.0/javax.activation-api-1.2.0.jar:/Users/oumarkouferidji/.m2/repository/org/rnorth/duct-tape/duct-tape/1.0.8/duct-tape-1.0.8.jar:/Users/oumarkouferidji/.m2/repository/org/rnorth/visible-assertions/visible-assertions/2.1.2/visible-assertions-2.1.2.jar:/Users/oumarkouferidji/.m2/repository/org/rnorth/tcp-unix-socket-proxy/1.0.2/tcp-unix-socket-proxy-1.0.2.jar:/Users/oumarkouferidji/.m2/repository/com/kohlschutter/junixsocket/junixsocket-native-common/2.0.4/junixsocket-native-common-2.0.4.jar:/Users/oumarkouferidji/.m2/repository/org/scijava/native-lib-loader/2.0.2/native-lib-loader-2.0.2.jar:/Users/oumarkouferidji/.m2/repository/com/kohlschutter/junixsocket/junixsocket-common/2.0.4/junixsocket-common-2.0.4.jar:/Users/oumarkouferidji/.m2/repository/net/java/dev/jna/jna-platform/4.5.2/jna-platform-4.5.2.jar:/Users/oumarkouferidji/.m2/repository/net/java/dev/jna/jna/4.5.2/jna-4.5.2.jar:/Users/oumarkouferidji/.m2/repository/com/carrotsearch/junit-benchmarks/0.7.2/junit-benchmarks-0.7.2.jar:"/>
    <property name="java.vm.vendor" value="Oracle Corporation"/>
    <property name="sun.arch.data.model" value="64"/>
    <property name="java.vendor.url" value="https://openjdk.java.net/"/>
    <property name="os.name" value="Mac OS X"/>
    <property name="java.vm.specification.version" value="15"/>
    <property name="sun.java.launcher" value="SUN_STANDARD"/>
    <property name="user.country" value="FR"/>
    <property name="sun.boot.library.path" value="/usr/local/Cellar/openjdk/15.0.1/libexec/openjdk.jdk/Contents/Home/lib"/>
    <property name="sun.java.command" value="/Users/oumarkouferidji/Downloads/sample-spring-elasticsearch-master/target/surefire/surefirebooter1834991781965307276.jar /Users/oumarkouferidji/Downloads/sample-spring-elasticsearch-master/target/surefire 2021-01-10T17-42-47_456-jvmRun1 surefire18050814365586648293tmp surefire_010157683580570047973tmp"/>
    <property name="http.nonProxyHosts" value="local|*.local|169.254/16|*.169.254/16"/>
    <property name="jdk.debug" value="release"/>
    <property name="surefire.test.class.path" value="/Users/oumarkouferidji/Downloads/sample-spring-elasticsearch-master/target/test-classes:/Users/oumarkouferidji/Downloads/sample-spring-elasticsearch-master/target/classes:/Users/oumarkouferidji/.m2/repository/org/springframework/boot/spring-boot-starter-web/2.2.0.RELEASE/spring-boot-starter-web-2.2.0.RELEASE.jar:/Users/oumarkouferidji/.m2/repository/org/springframework/boot/spring-boot-starter/2.2.0.RELEASE/spring-boot-starter-2.2.0.RELEASE.jar:/Users/oumarkouferidji/.m2/repository/org/springframework/boot/spring-boot/2.2.0.RELEASE/spring-boot-2.2.0.RELEASE.jar:/Users/oumarkouferidji/.m2/repository/org/springframework/boot/spring-boot-autoconfigure/2.2.0.RELEASE/spring-boot-autoconfigure-2.2.0.RELEASE.jar:/Users/oumarkouferidji/.m2/repository/org/springframework/boot/spring-boot-starter-logging/2.2.0.RELEASE/spring-boot-starter-logging-2.2.0.RELEASE.jar:/Users/oumarkouferidji/.m2/repository/ch/qos/logback/logback-classic/1.2.3/logback-classic-1.2.3.jar:/Users/oumarkouferidji/.m2/repository/ch/qos/logback/logback-core/1.2.3/logback-core-1.2.3.jar:/Users/oumarkouferidji/.m2/repository/org/apache/logging/log4j/log4j-to-slf4j/2.12.1/log4j-to-slf4j-2.12.1.jar:/Users/oumarkouferidji/.m2/repository/org/apache/logging/log4j/log4j-api/2.12.1/log4j-api-2.12.1.jar:/Users/oumarkouferidji/.m2/repository/org/slf4j/jul-to-slf4j/1.7.28/jul-to-slf4j-1.7.28.jar:/Users/oumarkouferidji/.m2/repository/jakarta/annotation/jakarta.annotation-api/1.3.5/jakarta.annotation-api-1.3.5.jar:/Users/oumarkouferidji/.m2/repository/org/yaml/snakeyaml/1.25/snakeyaml-1.25.jar:/Users/oumarkouferidji/.m2/repository/org/springframework/boot/spring-boot-starter-json/2.2.0.RELEASE/spring-boot-starter-json-2.2.0.RELEASE.jar:/Users/oumarkouferidji/.m2/repository/com/fasterxml/jackson/core/jackson-databind/2.10.0/jackson-databind-2.10.0.jar:/Users/oumarkouferidji/.m2/repository/com/fasterxml/jackson/core/jackson-annotations/2.10.0/jackson-annotations-2.10.0.jar:/Users/oumarkouferidji/.m2/repository/com/fasterxml/jackson/datatype/jackson-datatype-jdk8/2.10.0/jackson-datatype-jdk8-2.10.0.jar:/Users/oumarkouferidji/.m2/repository/com/fasterxml/jackson/datatype/jackson-datatype-jsr310/2.10.0/jackson-datatype-jsr310-2.10.0.jar:/Users/oumarkouferidji/.m2/repository/com/fasterxml/jackson/module/jackson-module-parameter-names/2.10.0/jackson-module-parameter-names-2.10.0.jar:/Users/oumarkouferidji/.m2/repository/org/springframework/boot/spring-boot-starter-tomcat/2.2.0.RELEASE/spring-boot-starter-tomcat-2.2.0.RELEASE.jar:/Users/oumarkouferidji/.m2/repository/org/apache/tomcat/embed/tomcat-embed-core/9.0.27/tomcat-embed-core-9.0.27.jar:/Users/oumarkouferidji/.m2/repository/org/apache/tomcat/embed/tomcat-embed-el/9.0.27/tomcat-embed-el-9.0.27.jar:/Users/oumarkouferidji/.m2/repository/org/apache/tomcat/embed/tomcat-embed-websocket/9.0.27/tomcat-embed-websocket-9.0.27.jar:/Users/oumarkouferidji/.m2/repository/org/springframework/boot/spring-boot-starter-validation/2.2.0.RELEASE/spring-boot-starter-validation-2.2.0.RELEASE.jar:/Users/oumarkouferidji/.m2/repository/jakarta/validation/jakarta.validation-api/2.0.1/jakarta.validation-api-2.0.1.jar:/Users/oumarkouferidji/.m2/repository/org/hibernate/validator/hibernate-validator/6.0.17.Final/hibernate-validator-6.0.17.Final.jar:/Users/oumarkouferidji/.m2/repository/org/jboss/logging/jboss-logging/3.4.1.Final/jboss-logging-3.4.1.Final.jar:/Users/oumarkouferidji/.m2/repository/com/fasterxml/classmate/1.5.0/classmate-1.5.0.jar:/Users/oumarkouferidji/.m2/repository/org/springframework/spring-web/5.2.0.RELEASE/spring-web-5.2.0.RELEASE.jar:/Users/oumarkouferidji/.m2/repository/org/springframework/spring-beans/5.2.0.RELEASE/spring-beans-5.2.0.RELEASE.jar:/Users/oumarkouferidji/.m2/repository/org/springframework/spring-webmvc/5.2.0.RELEASE/spring-webmvc-5.2.0.RELEASE.jar:/Users/oumarkouferidji/.m2/repository/org/springframework/spring-aop/5.2.0.RELEASE/spring-aop-5.2.0.RELEASE.jar:/Users/oumarkouferidji/.m2/repository/org/springframework/spring-context/5.2.0.RELEASE/spring-context-5.2.0.RELEASE.jar:/Users/oumarkouferidji/.m2/repository/org/springframework/spring-expression/5.2.0.RELEASE/spring-expression-5.2.0.RELEASE.jar:/Users/oumarkouferidji/.m2/repository/org/springframework/boot/spring-boot-starter-actuator/2.2.0.RELEASE/spring-boot-starter-actuator-2.2.0.RELEASE.jar:/Users/oumarkouferidji/.m2/repository/org/springframework/boot/spring-boot-actuator-autoconfigure/2.2.0.RELEASE/spring-boot-actuator-autoconfigure-2.2.0.RELEASE.jar:/Users/oumarkouferidji/.m2/repository/org/springframework/boot/spring-boot-actuator/2.2.0.RELEASE/spring-boot-actuator-2.2.0.RELEASE.jar:/Users/oumarkouferidji/.m2/repository/io/micrometer/micrometer-core/1.3.0/micrometer-core-1.3.0.jar:/Users/oumarkouferidji/.m2/repository/org/hdrhistogram/HdrHistogram/2.1.11/HdrHistogram-2.1.11.jar:/Users/oumarkouferidji/.m2/repository/org/latencyutils/LatencyUtils/2.0.3/LatencyUtils-2.0.3.jar:/Users/oumarkouferidji/.m2/repository/org/springframework/boot/spring-boot-starter-data-elasticsearch/2.2.0.RELEASE/spring-boot-starter-data-elasticsearch-2.2.0.RELEASE.jar:/Users/oumarkouferidji/.m2/repository/org/springframework/data/spring-data-elasticsearch/3.2.0.RELEASE/spring-data-elasticsearch-3.2.0.RELEASE.jar:/Users/oumarkouferidji/.m2/repository/org/springframework/spring-tx/5.2.0.RELEASE/spring-tx-5.2.0.RELEASE.jar:/Users/oumarkouferidji/.m2/repository/org/springframework/data/spring-data-commons/2.2.0.RELEASE/spring-data-commons-2.2.0.RELEASE.jar:/Users/oumarkouferidji/.m2/repository/joda-time/joda-time/2.10.4/joda-time-2.10.4.jar:/Users/oumarkouferidji/.m2/repository/org/elasticsearch/client/transport/6.8.3/transport-6.8.3.jar:/Users/oumarkouferidji/.m2/repository/org/elasticsearch/elasticsearch/6.8.3/elasticsearch-6.8.3.jar:/Users/oumarkouferidji/.m2/repository/org/elasticsearch/elasticsearch-core/6.8.3/elasticsearch-core-6.8.3.jar:/Users/oumarkouferidji/.m2/repository/org/elasticsearch/elasticsearch-secure-sm/6.8.3/elasticsearch-secure-sm-6.8.3.jar:/Users/oumarkouferidji/.m2/repository/org/elasticsearch/elasticsearch-x-content/6.8.3/elasticsearch-x-content-6.8.3.jar:/Users/oumarkouferidji/.m2/repository/com/fasterxml/jackson/dataformat/jackson-dataformat-smile/2.10.0/jackson-dataformat-smile-2.10.0.jar:/Users/oumarkouferidji/.m2/repository/com/fasterxml/jackson/dataformat/jackson-dataformat-yaml/2.10.0/jackson-dataformat-yaml-2.10.0.jar:/Users/oumarkouferidji/.m2/repository/com/fasterxml/jackson/dataformat/jackson-dataformat-cbor/2.10.0/jackson-dataformat-cbor-2.10.0.jar:/Users/oumarkouferidji/.m2/repository/org/apache/lucene/lucene-core/7.7.0/lucene-core-7.7.0.jar:/Users/oumarkouferidji/.m2/repository/org/apache/lucene/lucene-analyzers-common/7.7.0/lucene-analyzers-common-7.7.0.jar:/Users/oumarkouferidji/.m2/repository/org/apache/lucene/lucene-backward-codecs/7.7.0/lucene-backward-codecs-7.7.0.jar:/Users/oumarkouferidji/.m2/repository/org/apache/lucene/lucene-grouping/7.7.0/lucene-grouping-7.7.0.jar:/Users/oumarkouferidji/.m2/repository/org/apache/lucene/lucene-highlighter/7.7.0/lucene-highlighter-7.7.0.jar:/Users/oumarkouferidji/.m2/repository/org/apache/lucene/lucene-join/7.7.0/lucene-join-7.7.0.jar:/Users/oumarkouferidji/.m2/repository/org/apache/lucene/lucene-memory/7.7.0/lucene-memory-7.7.0.jar:/Users/oumarkouferidji/.m2/repository/org/apache/lucene/lucene-misc/7.7.0/lucene-misc-7.7.0.jar:/Users/oumarkouferidji/.m2/repository/org/apache/lucene/lucene-queries/7.7.0/lucene-queries-7.7.0.jar:/Users/oumarkouferidji/.m2/repository/org/apache/lucene/lucene-queryparser/7.7.0/lucene-queryparser-7.7.0.jar:/Users/oumarkouferidji/.m2/repository/org/apache/lucene/lucene-sandbox/7.7.0/lucene-sandbox-7.7.0.jar:/Users/oumarkouferidji/.m2/repository/org/apache/lucene/lucene-spatial/7.7.0/lucene-spatial-7.7.0.jar:/Users/oumarkouferidji/.m2/repository/org/apache/lucene/lucene-spatial-extras/7.7.0/lucene-spatial-extras-7.7.0.jar:/Users/oumarkouferidji/.m2/repository/org/apache/lucene/lucene-spatial3d/7.7.0/lucene-spatial3d-7.7.0.jar:/Users/oumarkouferidji/.m2/repository/org/apache/lucene/lucene-suggest/7.7.0/lucene-suggest-7.7.0.jar:/Users/oumarkouferidji/.m2/repository/org/elasticsearch/elasticsearch-cli/6.8.3/elasticsearch-cli-6.8.3.jar:/Users/oumarkouferidji/.m2/repository/net/sf/jopt-simple/jopt-simple/5.0.2/jopt-simple-5.0.2.jar:/Users/oumarkouferidji/.m2/repository/com/carrotsearch/hppc/0.7.1/hppc-0.7.1.jar:/Users/oumarkouferidji/.m2/repository/com/tdunning/t-digest/3.2/t-digest-3.2.jar:/Users/oumarkouferidji/.m2/repository/org/elasticsearch/jna/4.5.1/jna-4.5.1.jar:/Users/oumarkouferidji/.m2/repository/org/elasticsearch/plugin/reindex-client/6.8.3/reindex-client-6.8.3.jar:/Users/oumarkouferidji/.m2/repository/org/elasticsearch/elasticsearch-ssl-config/6.8.3/elasticsearch-ssl-config-6.8.3.jar:/Users/oumarkouferidji/.m2/repository/org/elasticsearch/plugin/lang-mustache-client/6.8.3/lang-mustache-client-6.8.3.jar:/Users/oumarkouferidji/.m2/repository/com/github/spullara/mustache/java/compiler/0.9.3/compiler-0.9.3.jar:/Users/oumarkouferidji/.m2/repository/org/elasticsearch/plugin/percolator-client/6.8.3/percolator-client-6.8.3.jar:/Users/oumarkouferidji/.m2/repository/org/elasticsearch/plugin/parent-join-client/6.8.3/parent-join-client-6.8.3.jar:/Users/oumarkouferidji/.m2/repository/org/elasticsearch/plugin/rank-eval-client/6.8.3/rank-eval-client-6.8.3.jar:/Users/oumarkouferidji/.m2/repository/org/elasticsearch/plugin/transport-netty4-client/6.8.3/transport-netty4-client-6.8.3.jar:/Users/oumarkouferidji/.m2/repository/io/netty/netty-buffer/4.1.42.Final/netty-buffer-4.1.42.Final.jar:/Users/oumarkouferidji/.m2/repository/io/netty/netty-codec/4.1.42.Final/netty-codec-4.1.42.Final.jar:/Users/oumarkouferidji/.m2/repository/io/netty/netty-codec-http/4.1.42.Final/netty-codec-http-4.1.42.Final.jar:/Users/oumarkouferidji/.m2/repository/io/netty/netty-common/4.1.42.Final/netty-common-4.1.42.Final.jar:/Users/oumarkouferidji/.m2/repository/io/netty/netty-handler/4.1.42.Final/netty-handler-4.1.42.Final.jar:/Users/oumarkouferidji/.m2/repository/io/netty/netty-resolver/4.1.42.Final/netty-resolver-4.1.42.Final.jar:/Users/oumarkouferidji/.m2/repository/io/netty/netty-transport/4.1.42.Final/netty-transport-4.1.42.Final.jar:/Users/oumarkouferidji/.m2/repository/org/elasticsearch/client/elasticsearch-rest-high-level-client/6.8.3/elasticsearch-rest-high-level-client-6.8.3.jar:/Users/oumarkouferidji/.m2/repository/org/elasticsearch/client/elasticsearch-rest-client/6.8.3/elasticsearch-rest-client-6.8.3.jar:/Users/oumarkouferidji/.m2/repository/org/apache/httpcomponents/httpclient/4.5.10/httpclient-4.5.10.jar:/Users/oumarkouferidji/.m2/repository/org/apache/httpcomponents/httpcore/4.4.12/httpcore-4.4.12.jar:/Users/oumarkouferidji/.m2/repository/org/apache/httpcomponents/httpasyncclient/4.1.4/httpasyncclient-4.1.4.jar:/Users/oumarkouferidji/.m2/repository/org/apache/httpcomponents/httpcore-nio/4.4.12/httpcore-nio-4.4.12.jar:/Users/oumarkouferidji/.m2/repository/commons-codec/commons-codec/1.13/commons-codec-1.13.jar:/Users/oumarkouferidji/.m2/repository/org/elasticsearch/plugin/aggs-matrix-stats-client/6.8.3/aggs-matrix-stats-client-6.8.3.jar:/Users/oumarkouferidji/.m2/repository/com/fasterxml/jackson/core/jackson-core/2.10.0/jackson-core-2.10.0.jar:/Users/oumarkouferidji/.m2/repository/org/slf4j/slf4j-api/1.7.28/slf4j-api-1.7.28.jar:/Users/oumarkouferidji/.m2/repository/org/springframework/boot/spring-boot-starter-test/2.2.0.RELEASE/spring-boot-starter-test-2.2.0.RELEASE.jar:/Users/oumarkouferidji/.m2/repository/org/springframework/boot/spring-boot-test/2.2.0.RELEASE/spring-boot-test-2.2.0.RELEASE.jar:/Users/oumarkouferidji/.m2/repository/org/springframework/boot/spring-boot-test-autoconfigure/2.2.0.RELEASE/spring-boot-test-autoconfigure-2.2.0.RELEASE.jar:/Users/oumarkouferidji/.m2/repository/com/jayway/jsonpath/json-path/2.4.0/json-path-2.4.0.jar:/Users/oumarkouferidji/.m2/repository/net/minidev/json-smart/2.3/json-smart-2.3.jar:/Users/oumarkouferidji/.m2/repository/net/minidev/accessors-smart/1.2/accessors-smart-1.2.jar:/Users/oumarkouferidji/.m2/repository/org/ow2/asm/asm/5.0.4/asm-5.0.4.jar:/Users/oumarkouferidji/.m2/repository/jakarta/xml/bind/jakarta.xml.bind-api/2.3.2/jakarta.xml.bind-api-2.3.2.jar:/Users/oumarkouferidji/.m2/repository/jakarta/activation/jakarta.activation-api/1.2.1/jakarta.activation-api-1.2.1.jar:/Users/oumarkouferidji/.m2/repository/org/junit/jupiter/junit-jupiter/5.5.2/junit-jupiter-5.5.2.jar:/Users/oumarkouferidji/.m2/repository/org/junit/jupiter/junit-jupiter-api/5.5.2/junit-jupiter-api-5.5.2.jar:/Users/oumarkouferidji/.m2/repository/org/opentest4j/opentest4j/1.2.0/opentest4j-1.2.0.jar:/Users/oumarkouferidji/.m2/repository/org/junit/platform/junit-platform-commons/1.5.2/junit-platform-commons-1.5.2.jar:/Users/oumarkouferidji/.m2/repository/org/junit/jupiter/junit-jupiter-params/5.5.2/junit-jupiter-params-5.5.2.jar:/Users/oumarkouferidji/.m2/repository/org/junit/jupiter/junit-jupiter-engine/5.5.2/junit-jupiter-engine-5.5.2.jar:/Users/oumarkouferidji/.m2/repository/org/junit/vintage/junit-vintage-engine/5.5.2/junit-vintage-engine-5.5.2.jar:/Users/oumarkouferidji/.m2/repository/org/apiguardian/apiguardian-api/1.1.0/apiguardian-api-1.1.0.jar:/Users/oumarkouferidji/.m2/repository/org/junit/platform/junit-platform-engine/1.5.2/junit-platform-engine-1.5.2.jar:/Users/oumarkouferidji/.m2/repository/junit/junit/4.12/junit-4.12.jar:/Users/oumarkouferidji/.m2/repository/org/mockito/mockito-junit-jupiter/3.1.0/mockito-junit-jupiter-3.1.0.jar:/Users/oumarkouferidji/.m2/repository/org/assertj/assertj-core/3.13.2/assertj-core-3.13.2.jar:/Users/oumarkouferidji/.m2/repository/org/hamcrest/hamcrest/2.1/hamcrest-2.1.jar:/Users/oumarkouferidji/.m2/repository/org/mockito/mockito-core/3.1.0/mockito-core-3.1.0.jar:/Users/oumarkouferidji/.m2/repository/net/bytebuddy/byte-buddy/1.10.1/byte-buddy-1.10.1.jar:/Users/oumarkouferidji/.m2/repository/net/bytebuddy/byte-buddy-agent/1.10.1/byte-buddy-agent-1.10.1.jar:/Users/oumarkouferidji/.m2/repository/org/objenesis/objenesis/2.6/objenesis-2.6.jar:/Users/oumarkouferidji/.m2/repository/org/skyscreamer/jsonassert/1.5.0/jsonassert-1.5.0.jar:/Users/oumarkouferidji/.m2/repository/com/vaadin/external/google/android-json/0.0.20131108.vaadin1/android-json-0.0.20131108.vaadin1.jar:/Users/oumarkouferidji/.m2/repository/org/springframework/spring-core/5.2.0.RELEASE/spring-core-5.2.0.RELEASE.jar:/Users/oumarkouferidji/.m2/repository/org/springframework/spring-jcl/5.2.0.RELEASE/spring-jcl-5.2.0.RELEASE.jar:/Users/oumarkouferidji/.m2/repository/org/springframework/spring-test/5.2.0.RELEASE/spring-test-5.2.0.RELEASE.jar:/Users/oumarkouferidji/.m2/repository/org/xmlunit/xmlunit-core/2.6.3/xmlunit-core-2.6.3.jar:/Users/oumarkouferidji/.m2/repository/org/testcontainers/elasticsearch/1.12.2/elasticsearch-1.12.2.jar:/Users/oumarkouferidji/.m2/repository/org/testcontainers/testcontainers/1.12.2/testcontainers-1.12.2.jar:/Users/oumarkouferidji/.m2/repository/org/jetbrains/annotations/17.0.0/annotations-17.0.0.jar:/Users/oumarkouferidji/.m2/repository/javax/annotation/javax.annotation-api/1.3.2/javax.annotation-api-1.3.2.jar:/Users/oumarkouferidji/.m2/repository/org/apache/commons/commons-compress/1.19/commons-compress-1.19.jar:/Users/oumarkouferidji/.m2/repository/javax/xml/bind/jaxb-api/2.3.1/jaxb-api-2.3.1.jar:/Users/oumarkouferidji/.m2/repository/javax/activation/javax.activation-api/1.2.0/javax.activation-api-1.2.0.jar:/Users/oumarkouferidji/.m2/repository/org/rnorth/duct-tape/duct-tape/1.0.8/duct-tape-1.0.8.jar:/Users/oumarkouferidji/.m2/repository/org/rnorth/visible-assertions/visible-assertions/2.1.2/visible-assertions-2.1.2.jar:/Users/oumarkouferidji/.m2/repository/org/rnorth/tcp-unix-socket-proxy/1.0.2/tcp-unix-socket-proxy-1.0.2.jar:/Users/oumarkouferidji/.m2/repository/com/kohlschutter/junixsocket/junixsocket-native-common/2.0.4/junixsocket-native-common-2.0.4.jar:/Users/oumarkouferidji/.m2/repository/org/scijava/native-lib-loader/2.0.2/native-lib-loader-2.0.2.jar:/Users/oumarkouferidji/.m2/repository/com/kohlschutter/junixsocket/junixsocket-common/2.0.4/junixsocket-common-2.0.4.jar:/Users/oumarkouferidji/.m2/repository/net/java/dev/jna/jna-platform/4.5.2/jna-platform-4.5.2.jar:/Users/oumarkouferidji/.m2/repository/net/java/dev/jna/jna/4.5.2/jna-4.5.2.jar:/Users/oumarkouferidji/.m2/repository/com/carrotsearch/junit-benchmarks/0.7.2/junit-benchmarks-0.7.2.jar:"/>
    <property name="sun.cpu.endian" value="little"/>
    <property name="user.home" value="/Users/oumarkouferidji"/>
    <property name="user.language" value="fr"/>
    <property name="java.specification.vendor" value="Oracle Corporation"/>
    <property name="java.version.date" value="2020-10-20"/>
    <property name="java.home" value="/usr/local/Cellar/openjdk/15.0.1/libexec/openjdk.jdk/Contents/Home"/>
    <property name="file.separator" value="/"/>
    <property name="basedir" value="/Users/oumarkouferidji/Downloads/sample-spring-elasticsearch-master"/>
    <property name="java.vm.compressedOopsMode" value="Zero based"/>
    <property name="line.separator" value="&#10;"/>
    <property name="java.specification.name" value="Java Platform API Specification"/>
    <property name="java.vm.specification.vendor" value="Oracle Corporation"/>
    <property name="surefire.real.class.path" value="/Users/oumarkouferidji/Downloads/sample-spring-elasticsearch-master/target/surefire/surefirebooter1834991781965307276.jar"/>
    <property name="sun.management.compiler" value="HotSpot 64-Bit Tiered Compilers"/>
    <property name="ftp.nonProxyHosts" value="local|*.local|169.254/16|*.169.254/16"/>
    <property name="java.runtime.version" value="15.0.1+9"/>
    <property name="user.name" value="oumarkouferidji"/>
    <property name="path.separator" value=":"/>
    <property name="os.version" value="11.1"/>
    <property name="java.runtime.name" value="OpenJDK Runtime Environment"/>
    <property name="file.encoding" value="UTF-8"/>
    <property name="java.vm.name" value="OpenJDK 64-Bit Server VM"/>
    <property name="localRepository" value="/Users/oumarkouferidji/.m2/repository"/>
    <property name="java.vendor.url.bug" value="https://bugreport.java.com/bugreport/"/>
    <property name="java.io.tmpdir" value="/var/folders/yd/8w586gwn7n5g3f7yx6jbc9_m0000gn/T/"/>
    <property name="java.version" value="15.0.1"/>
    <property name="user.dir" value="/Users/oumarkouferidji/Downloads/sample-spring-elasticsearch-master"/>
    <property name="os.arch" value="x86_64"/>
    <property name="java.vm.specification.name" value="Java Virtual Machine Specification"/>
    <property name="java.library.path" value="/Users/oumarkouferidji/Library/Java/Extensions:/Library/Java/Extensions:/Network/Library/Java/Extensions:/System/Library/Java/Extensions:/usr/lib/java:."/>
    <property name="java.vm.info" value="mixed mode, sharing"/>
    <property name="java.vendor" value="N/A"/>
    <property name="java.vm.version" value="15.0.1+9"/>
    <property name="sun.io.unicode.encoding" value="UnicodeBig"/>
    <property name="socksNonProxyHosts" value="local|*.local|169.254/16|*.169.254/16"/>
    <property name="java.class.version" value="59.0"/>
  </properties>
  <testcase name="pl.piomin.services.elasticsearch.EmployeeRepositoryTest" classname="pl.piomin.services.elasticsearch.EmployeeRepositoryTest" time="4.132">
    <error type="java.lang.ExceptionInInitializerError"><![CDATA[java.lang.ExceptionInInitializerError
	at pl.piomin.services.elasticsearch.EmployeeRepositoryTest.<clinit>(EmployeeRepositoryTest.java:23)
]]></error>
    <system-out><![CDATA[2021-01-10 17:42:52.339  INFO   --- [           main] o.t.d.UnixSocketClientProviderStrategy   : Accessing docker with local Unix socket
2021-01-10 17:42:52.340  INFO   --- [           main] o.t.d.DockerClientProviderStrategy       : Found Docker environment with local Unix socket (unix:///var/run/docker.sock)
2021-01-10 17:42:53.360  INFO   --- [           main] org.testcontainers.DockerClientFactory   : Docker host IP address is localhost
2021-01-10 17:42:53.546  INFO   --- [           main] org.testcontainers.DockerClientFactory   : Connected to docker: 
  Server Version: 20.10.2
  API Version: 1.41
  Operating System: Docker Desktop
  Total Memory: 1988 MB
2021-01-10 17:42:54.804  INFO   --- [           main] o.t.utility.RegistryAuthLocator          : Credential helper/store (docker-credential-desktop) does not have credentials for quay.io
]]></system-out>
  </testcase>
</testsuite>